<?xml version='1.0' encoding='UTF-8'?>
<testsuite hostname="tituschchirsmbp.home" name="models.PermissionTest" tests="2" errors="0" failures="2" time="0.003">
        <properties>
[...]
</properties>
        <testcase classname="models.PermissionTest" name="testPermissions" time="0.0">
      <failure message="Query threw SQLException:Table &quot;EKAROUSER&quot; not found; SQL statement:
select count(*) from ekarouser t0 [42102-172] 
Bind values:[null] 
Query was:
select count(*) from ekarouser t0 

" type="sbt.ForkMain$ForkError">
              sbt.ForkMain$ForkError: Query threw SQLException:Table &quot;EKAROUSER&quot; not found; SQL statement:
select count(*) from ekarouser t0 [42102-172] 
Bind values:[null] 
Query was:
select count(*) from ekarouser t0 


	at com.avaje.ebeaninternal.server.query.CQuery.createPersistenceException(CQuery.java:790)
	at com.avaje.ebeaninternal.server.query.CQueryEngine.findRowCount(CQueryEngine.java:110)
	at com.avaje.ebeaninternal.server.query.DefaultOrmQueryEngine.findRowCount(DefaultOrmQueryEngine.java:36)
	at com.avaje.ebeaninternal.server.core.OrmQueryRequest.findRowCount(OrmQueryRequest.java:235)
	at com.avaje.ebeaninternal.server.core.DefaultServer.findRowCountWithCopy(DefaultServer.java:1301)
	at com.avaje.ebeaninternal.server.core.DefaultServer.findRowCount(DefaultServer.java:1293)
	at com.avaje.ebeaninternal.server.querydefn.DefaultOrmQuery.findRowCount(DefaultOrmQuery.java:873)
	at Global$InitialData.insert(Global.java:21)
	at Global.onStart(Global.java:15)
	at play.core.j.JavaGlobalSettingsAdapter.onStart(JavaGlobalSettingsAdapter.scala:18)
	at play.api.GlobalPlugin.onStart(GlobalSettings.scala:203)
	at play.api.Play$$anonfun$start$1$$anonfun$apply$mcV$sp$1.apply(Play.scala:88)
	at play.api.Play$$anonfun$start$1$$anonfun$apply$mcV$sp$1.apply(Play.scala:88)
	at scala.collection.immutable.List.foreach(List.scala:318)
	at play.api.Play$$anonfun$start$1.apply$mcV$sp(Play.scala:88)
	at play.api.Play$$anonfun$start$1.apply(Play.scala:88)
	at play.api.Play$$anonfun$start$1.apply(Play.scala:88)
	at play.utils.Threads$.withContextClassLoader(Threads.scala:18)
	at play.api.Play$.start(Play.scala:87)
	at play.api.Play.start(Play.scala)
	at play.test.Helpers.start(Helpers.java:359)
	at play.test.WithApplication.start(WithApplication.java:18)
	at models.PermissionTest.setUp(PermissionTest.java:18)
	at sun.reflect.NativeMethodAccessorImpl.invoke0(Native Method)
	at sun.reflect.NativeMethodAccessorImpl.invoke(NativeMethodAccessorImpl.java:62)
	at sun.reflect.DelegatingMethodAccessorImpl.invoke(DelegatingMethodAccessorImpl.java:43)
	at java.lang.reflect.Method.invoke(Method.java:483)
	at org.junit.runners.model.FrameworkMethod$1.runReflectiveCall(FrameworkMethod.java:47)
	at org.junit.internal.runners.model.ReflectiveCallable.run(ReflectiveCallable.java:12)
	at org.junit.runners.model.FrameworkMethod.invokeExplosively(FrameworkMethod.java:44)
	at org.junit.internal.runners.statements.RunBefores.evaluate(RunBefores.java:24)
	at org.junit.internal.runners.statements.RunAfters.evaluate(RunAfters.java:27)
	at org.junit.runners.ParentRunner.runLeaf(ParentRunner.java:271)
	at org.junit.runners.BlockJUnit4ClassRunner.runChild(BlockJUnit4ClassRunner.java:70)
	at org.junit.runners.BlockJUnit4ClassRunner.runChild(BlockJUnit4ClassRunner.java:50)
	at org.junit.runners.ParentRunner$3.run(ParentRunner.java:238)
	at org.junit.runners.ParentRunner$1.schedule(ParentRunner.java:63)
	at org.junit.runners.ParentRunner.runChildren(ParentRunner.java:236)
	at org.junit.runners.ParentRunner.access$000(ParentRunner.java:53)
	at org.junit.runners.ParentRunner$2.evaluate(ParentRunner.java:229)
	at org.junit.runners.ParentRunner.run(ParentRunner.java:309)
	at org.junit.runners.Suite.runChild(Suite.java:127)
	at org.junit.runners.Suite.runChild(Suite.java:26)
	at org.junit.runners.ParentRunner$3.run(ParentRunner.java:238)
	at org.junit.runners.ParentRunner$1.schedule(ParentRunner.java:63)
	at org.junit.runners.ParentRunner.runChildren(ParentRunner.java:236)
	at org.junit.runners.ParentRunner.access$000(ParentRunner.java:53)
	at org.junit.runners.ParentRunner$2.evaluate(ParentRunner.java:229)
	at org.junit.runners.ParentRunner.run(ParentRunner.java:309)
	at org.junit.runner.JUnitCore.run(JUnitCore.java:160)
	at org.junit.runner.JUnitCore.run(JUnitCore.java:138)
	at com.novocode.junit.JUnitRunner.run(JUnitRunner.java:90)
	at sbt.RunnerWrapper$1.runRunner2(FrameworkWrapper.java:223)
	at sbt.RunnerWrapper$1.execute(FrameworkWrapper.java:236)
	at sbt.ForkMain$Run$2.call(ForkMain.java:294)
	at sbt.ForkMain$Run$2.call(ForkMain.java:284)
	at java.util.concurrent.FutureTask.run(FutureTask.java:266)
	at java.util.concurrent.ThreadPoolExecutor.runWorker(ThreadPoolExecutor.java:1142)
	at java.util.concurrent.ThreadPoolExecutor$Worker.run(ThreadPoolExecutor.java:617)
	at java.lang.Thread.run(Thread.java:744)
Caused by: sbt.ForkMain$ForkError: Table &quot;EKAROUSER&quot; not found; SQL statement:
select count(*) from ekarouser t0 [42102-172]
	at org.h2.message.DbException.getJdbcSQLException(DbException.java:329)
	at org.h2.message.DbException.get(DbException.java:169)
	at org.h2.message.DbException.get(DbException.java:146)
	at org.h2.command.Parser.readTableOrView(Parser.java:4824)
	at org.h2.command.Parser.readTableFilter(Parser.java:1099)
	at org.h2.command.Parser.parseSelectSimpleFromPart(Parser.java:1705)
	at org.h2.command.Parser.parseSelectSimple(Parser.java:1813)
	at org.h2.command.Parser.parseSelectSub(Parser.java:1699)
	at org.h2.command.Parser.parseSelectUnion(Parser.java:1542)
	at org.h2.command.Parser.parseSelect(Parser.java:1530)
	at org.h2.command.Parser.parsePrepared(Parser.java:405)
	at org.h2.command.Parser.parse(Parser.java:279)
	at org.h2.command.Parser.parse(Parser.java:251)
	at org.h2.command.Parser.prepareCommand(Parser.java:218)
	at org.h2.engine.Session.prepareLocal(Session.java:425)
	at org.h2.engine.Session.prepareCommand(Session.java:374)
	at org.h2.jdbc.JdbcConnection.prepareCommand(JdbcConnection.java:1138)
	at org.h2.jdbc.JdbcPreparedStatement.&lt;init&gt;(JdbcPreparedStatement.java:70)
	at org.h2.jdbc.JdbcConnection.prepareStatement(JdbcConnection.java:267)
	at com.jolbox.bonecp.ConnectionHandle.prepareStatement(ConnectionHandle.java:1024)
	at com.avaje.ebeaninternal.server.query.CQueryRowCount.findRowCount(CQueryRowCount.java:120)
	at com.avaje.ebeaninternal.server.query.CQueryEngine.findRowCount(CQueryEngine.java:88)
	... 58 more

            </failure>
    </testcase><testcase classname="models.PermissionTest" name="testCreateUser" time="0.0">
      <failure message="Query threw SQLException:Table &quot;EKAROUSER&quot; not found; SQL statement:
select count(*) from ekarouser t0 [42102-172] 
Bind values:[null] 
Query was:
select count(*) from ekarouser t0 

" type="sbt.ForkMain$ForkError">
              sbt.ForkMain$ForkError: Query threw SQLException:Table &quot;EKAROUSER&quot; not found; SQL statement:
select count(*) from ekarouser t0 [42102-172] 
Bind values:[null] 
Query was:
select count(*) from ekarouser t0 


	at com.avaje.ebeaninternal.server.query.CQuery.createPersistenceException(CQuery.java:790)
	at com.avaje.ebeaninternal.server.query.CQueryEngine.findRowCount(CQueryEngine.java:110)
	at com.avaje.ebeaninternal.server.query.DefaultOrmQueryEngine.findRowCount(DefaultOrmQueryEngine.java:36)
	at com.avaje.ebeaninternal.server.core.OrmQueryRequest.findRowCount(OrmQueryRequest.java:235)
	at com.avaje.ebeaninternal.server.core.DefaultServer.findRowCountWithCopy(DefaultServer.java:1301)
	at com.avaje.ebeaninternal.server.core.DefaultServer.findRowCount(DefaultServer.java:1293)
	at com.avaje.ebeaninternal.server.querydefn.DefaultOrmQuery.findRowCount(DefaultOrmQuery.java:873)
	at Global$InitialData.insert(Global.java:21)
	at Global.onStart(Global.java:15)
	at play.core.j.JavaGlobalSettingsAdapter.onStart(JavaGlobalSettingsAdapter.scala:18)
	at play.api.GlobalPlugin.onStart(GlobalSettings.scala:203)
	at play.api.Play$$anonfun$start$1$$anonfun$apply$mcV$sp$1.apply(Play.scala:88)
	at play.api.Play$$anonfun$start$1$$anonfun$apply$mcV$sp$1.apply(Play.scala:88)
	at scala.collection.immutable.List.foreach(List.scala:318)
	at play.api.Play$$anonfun$start$1.apply$mcV$sp(Play.scala:88)
	at play.api.Play$$anonfun$start$1.apply(Play.scala:88)
	at play.api.Play$$anonfun$start$1.apply(Play.scala:88)
	at play.utils.Threads$.withContextClassLoader(Threads.scala:18)
	at play.api.Play$.start(Play.scala:87)
	at play.api.Play.start(Play.scala)
	at play.test.Helpers.start(Helpers.java:359)
	at play.test.WithApplication.start(WithApplication.java:18)
	at models.PermissionTest.setUp(PermissionTest.java:18)
	at sun.reflect.NativeMethodAccessorImpl.invoke0(Native Method)
	at sun.reflect.NativeMethodAccessorImpl.invoke(NativeMethodAccessorImpl.java:62)
	at sun.reflect.DelegatingMethodAccessorImpl.invoke(DelegatingMethodAccessorImpl.java:43)
	at java.lang.reflect.Method.invoke(Method.java:483)
	at org.junit.runners.model.FrameworkMethod$1.runReflectiveCall(FrameworkMethod.java:47)
	at org.junit.internal.runners.model.ReflectiveCallable.run(ReflectiveCallable.java:12)
	at org.junit.runners.model.FrameworkMethod.invokeExplosively(FrameworkMethod.java:44)
	at org.junit.internal.runners.statements.RunBefores.evaluate(RunBefores.java:24)
	at org.junit.internal.runners.statements.RunAfters.evaluate(RunAfters.java:27)
	at org.junit.runners.ParentRunner.runLeaf(ParentRunner.java:271)
	at org.junit.runners.BlockJUnit4ClassRunner.runChild(BlockJUnit4ClassRunner.java:70)
	at org.junit.runners.BlockJUnit4ClassRunner.runChild(BlockJUnit4ClassRunner.java:50)
	at org.junit.runners.ParentRunner$3.run(ParentRunner.java:238)
	at org.junit.runners.ParentRunner$1.schedule(ParentRunner.java:63)
	at org.junit.runners.ParentRunner.runChildren(ParentRunner.java:236)
	at org.junit.runners.ParentRunner.access$000(ParentRunner.java:53)
	at org.junit.runners.ParentRunner$2.evaluate(ParentRunner.java:229)
	at org.junit.runners.ParentRunner.run(ParentRunner.java:309)
	at org.junit.runners.Suite.runChild(Suite.java:127)
	at org.junit.runners.Suite.runChild(Suite.java:26)
	at org.junit.runners.ParentRunner$3.run(ParentRunner.java:238)
	at org.junit.runners.ParentRunner$1.schedule(ParentRunner.java:63)
	at org.junit.runners.ParentRunner.runChildren(ParentRunner.java:236)
	at org.junit.runners.ParentRunner.access$000(ParentRunner.java:53)
	at org.junit.runners.ParentRunner$2.evaluate(ParentRunner.java:229)
	at org.junit.runners.ParentRunner.run(ParentRunner.java:309)
	at org.junit.runner.JUnitCore.run(JUnitCore.java:160)
	at org.junit.runner.JUnitCore.run(JUnitCore.java:138)
	at com.novocode.junit.JUnitRunner.run(JUnitRunner.java:90)
	at sbt.RunnerWrapper$1.runRunner2(FrameworkWrapper.java:223)
	at sbt.RunnerWrapper$1.execute(FrameworkWrapper.java:236)
	at sbt.ForkMain$Run$2.call(ForkMain.java:294)
	at sbt.ForkMain$Run$2.call(ForkMain.java:284)
	at java.util.concurrent.FutureTask.run(FutureTask.java:266)
	at java.util.concurrent.ThreadPoolExecutor.runWorker(ThreadPoolExecutor.java:1142)
	at java.util.concurrent.ThreadPoolExecutor$Worker.run(ThreadPoolExecutor.java:617)
	at java.lang.Thread.run(Thread.java:744)
Caused by: sbt.ForkMain$ForkError: Table &quot;EKAROUSER&quot; not found; SQL statement:
select count(*) from ekarouser t0 [42102-172]
	at org.h2.message.DbException.getJdbcSQLException(DbException.java:329)
	at org.h2.message.DbException.get(DbException.java:169)
	at org.h2.message.DbException.get(DbException.java:146)
	at org.h2.command.Parser.readTableOrView(Parser.java:4824)
	at org.h2.command.Parser.readTableFilter(Parser.java:1099)
	at org.h2.command.Parser.parseSelectSimpleFromPart(Parser.java:1705)
	at org.h2.command.Parser.parseSelectSimple(Parser.java:1813)
	at org.h2.command.Parser.parseSelectSub(Parser.java:1699)
	at org.h2.command.Parser.parseSelectUnion(Parser.java:1542)
	at org.h2.command.Parser.parseSelect(Parser.java:1530)
	at org.h2.command.Parser.parsePrepared(Parser.java:405)
	at org.h2.command.Parser.parse(Parser.java:279)
	at org.h2.command.Parser.parse(Parser.java:251)
	at org.h2.command.Parser.prepareCommand(Parser.java:218)
	at org.h2.engine.Session.prepareLocal(Session.java:425)
	at org.h2.engine.Session.prepareCommand(Session.java:374)
	at org.h2.jdbc.JdbcConnection.prepareCommand(JdbcConnection.java:1138)
	at org.h2.jdbc.JdbcPreparedStatement.&lt;init&gt;(JdbcPreparedStatement.java:70)
	at org.h2.jdbc.JdbcConnection.prepareStatement(JdbcConnection.java:267)
	at com.jolbox.bonecp.ConnectionHandle.prepareStatement(ConnectionHandle.java:1024)
	at com.avaje.ebeaninternal.server.query.CQueryRowCount.findRowCount(CQueryRowCount.java:120)
	at com.avaje.ebeaninternal.server.query.CQueryEngine.findRowCount(CQueryEngine.java:88)
	... 58 more

            </failure>
    </testcase>
        <system-out>
          
        </system-out>
        <system-err>
          
        </system-err>
      </testsuite>