<?xml version='1.0' encoding='UTF-8'?>
<testsuite hostname="tituschchirsmbp.home" name="models.PermissionTest" tests="1" errors="0" failures="1" time="0.29">
        <properties>
[...]
</properties>
        <testcase classname="models.PermissionTest" name="testPermissions" time="0.0">
      <failure message="ERROR executing DML bindLog[] error[Table &quot;SCHOOL_CODE&quot; not found; SQL statement:\n insert into school_code (id, school_type, status) values (?,?,?) [42102-172]]" type="sbt.ForkMain$ForkError">
              sbt.ForkMain$ForkError: ERROR executing DML bindLog[] error[Table &quot;SCHOOL_CODE&quot; not found; SQL statement:\n insert into school_code (id, school_type, status) values (?,?,?) [42102-172]]
	at com.avaje.ebeaninternal.server.persist.dml.DmlBeanPersister.execute(DmlBeanPersister.java:97)
	at com.avaje.ebeaninternal.server.persist.dml.DmlBeanPersister.insert(DmlBeanPersister.java:57)
	at com.avaje.ebeaninternal.server.persist.DefaultPersistExecute.executeInsertBean(DefaultPersistExecute.java:66)
	at com.avaje.ebeaninternal.server.core.PersistRequestBean.executeNow(PersistRequestBean.java:448)
	at com.avaje.ebeaninternal.server.core.PersistRequestBean.executeOrQueue(PersistRequestBean.java:478)
	at com.avaje.ebeaninternal.server.persist.DefaultPersister.insert(DefaultPersister.java:335)
	at com.avaje.ebeaninternal.server.persist.DefaultPersister.saveEnhanced(DefaultPersister.java:310)
	at com.avaje.ebeaninternal.server.persist.DefaultPersister.saveRecurse(DefaultPersister.java:280)
	at com.avaje.ebeaninternal.server.persist.DefaultPersister.save(DefaultPersister.java:248)
	at com.avaje.ebeaninternal.server.core.DefaultServer.save(DefaultServer.java:1759)
	at com.avaje.ebeaninternal.server.core.DefaultServer.save(DefaultServer.java:1737)
	at com.avaje.ebean.Ebean.save(Ebean.java:526)
	at com.avaje.ebean.Ebean.save(Ebean.java:533)
	at models.PermissionTest.setUp(PermissionTest.java:24)
	at sun.reflect.NativeMethodAccessorImpl.invoke0(Native Method)
	at sun.reflect.NativeMethodAccessorImpl.invoke(NativeMethodAccessorImpl.java:62)
	at sun.reflect.DelegatingMethodAccessorImpl.invoke(DelegatingMethodAccessorImpl.java:43)
	at java.lang.reflect.Method.invoke(Method.java:483)
	at org.junit.runners.model.FrameworkMethod$1.runReflectiveCall(FrameworkMethod.java:47)
	at org.junit.internal.runners.model.ReflectiveCallable.run(ReflectiveCallable.java:12)
	at org.junit.runners.model.FrameworkMethod.invokeExplosively(FrameworkMethod.java:44)
	at org.junit.internal.runners.statements.RunBefores.evaluate(RunBefores.java:24)
	at org.junit.internal.runners.statements.RunAfters.evaluate(RunAfters.java:27)
	at org.junit.runners.ParentRunner.runLeaf(ParentRunner.java:271)
	at org.junit.runners.BlockJUnit4ClassRunner.runChild(BlockJUnit4ClassRunner.java:70)
	at org.junit.runners.BlockJUnit4ClassRunner.runChild(BlockJUnit4ClassRunner.java:50)
	at org.junit.runners.ParentRunner$3.run(ParentRunner.java:238)
	at org.junit.runners.ParentRunner$1.schedule(ParentRunner.java:63)
	at org.junit.runners.ParentRunner.runChildren(ParentRunner.java:236)
	at org.junit.runners.ParentRunner.access$000(ParentRunner.java:53)
	at org.junit.runners.ParentRunner$2.evaluate(ParentRunner.java:229)
	at org.junit.runners.ParentRunner.run(ParentRunner.java:309)
	at org.junit.runners.Suite.runChild(Suite.java:127)
	at org.junit.runners.Suite.runChild(Suite.java:26)
	at org.junit.runners.ParentRunner$3.run(ParentRunner.java:238)
	at org.junit.runners.ParentRunner$1.schedule(ParentRunner.java:63)
	at org.junit.runners.ParentRunner.runChildren(ParentRunner.java:236)
	at org.junit.runners.ParentRunner.access$000(ParentRunner.java:53)
	at org.junit.runners.ParentRunner$2.evaluate(ParentRunner.java:229)
	at org.junit.runners.ParentRunner.run(ParentRunner.java:309)
	at org.junit.runner.JUnitCore.run(JUnitCore.java:160)
	at org.junit.runner.JUnitCore.run(JUnitCore.java:138)
	at com.novocode.junit.JUnitRunner.run(JUnitRunner.java:90)
	at sbt.RunnerWrapper$1.runRunner2(FrameworkWrapper.java:223)
	at sbt.RunnerWrapper$1.execute(FrameworkWrapper.java:236)
	at sbt.ForkMain$Run$2.call(ForkMain.java:294)
	at sbt.ForkMain$Run$2.call(ForkMain.java:284)
	at java.util.concurrent.FutureTask.run(FutureTask.java:266)
	at java.util.concurrent.ThreadPoolExecutor.runWorker(ThreadPoolExecutor.java:1142)
	at java.util.concurrent.ThreadPoolExecutor$Worker.run(ThreadPoolExecutor.java:617)
	at java.lang.Thread.run(Thread.java:744)
Caused by: sbt.ForkMain$ForkError: Table &quot;SCHOOL_CODE&quot; not found; SQL statement:
insert into school_code (id, school_type, status) values (?,?,?) [42102-172]
	at org.h2.message.DbException.getJdbcSQLException(DbException.java:329)
	at org.h2.message.DbException.get(DbException.java:169)
	at org.h2.message.DbException.get(DbException.java:146)
	at org.h2.command.Parser.readTableOrView(Parser.java:4824)
	at org.h2.command.Parser.readTableOrView(Parser.java:4802)
	at org.h2.command.Parser.parseInsert(Parser.java:966)
	at org.h2.command.Parser.parsePrepared(Parser.java:375)
	at org.h2.command.Parser.parse(Parser.java:279)
	at org.h2.command.Parser.parse(Parser.java:251)
	at org.h2.command.Parser.prepareCommand(Parser.java:218)
	at org.h2.engine.Session.prepareLocal(Session.java:425)
	at org.h2.engine.Session.prepareCommand(Session.java:374)
	at org.h2.jdbc.JdbcConnection.prepareCommand(JdbcConnection.java:1138)
	at org.h2.jdbc.JdbcPreparedStatement.&lt;init&gt;(JdbcPreparedStatement.java:70)
	at org.h2.jdbc.JdbcConnection.prepareStatement(JdbcConnection.java:267)
	at com.jolbox.bonecp.ConnectionHandle.prepareStatement(ConnectionHandle.java:1024)
	at com.avaje.ebeaninternal.server.persist.dml.InsertHandler.getPstmt(InsertHandler.java:125)
	at com.avaje.ebeaninternal.server.persist.dml.InsertHandler.bind(InsertHandler.java:105)
	at com.avaje.ebeaninternal.server.persist.dml.DmlBeanPersister.execute(DmlBeanPersister.java:79)
	... 50 more

            </failure>
    </testcase>
        <system-out>
          
        </system-out>
        <system-err>
          
        </system-err>
      </testsuite>